# JRE version: OpenJDK Runtime Environment (8.0_76-b03) (build 1.8.0_76-release-b03)
# Java VM: OpenJDK 64-Bit Server VM (25.76-b03 mixed mode windows-amd64 compressed oops)
Heap:
 PSYoungGen      total 232448K, used 151300K [0x00000000eab00000, 0x00000000fb880000, 0x0000000100000000)
  eden space 199680K, 72% used [0x00000000eab00000,0x00000000f37bfc80,0x00000000f6e00000)
  from space 32768K, 21% used [0x00000000f8e80000,0x00000000f95813e0,0x00000000fae80000)
  to   space 33280K, 0% used [0x00000000f6e00000,0x00000000f6e00000,0x00000000f8e80000)
 ParOldGen       total 116736K, used 58570K [0x00000000c0000000, 0x00000000c7200000, 0x00000000eab00000)
  object space 116736K, 50% used [0x00000000c0000000,0x00000000c3932930,0x00000000c7200000)
 Metaspace       used 73602K, capacity 76904K, committed 77096K, reserved 1116160K
  class space    used 9572K, capacity 10233K, committed 10288K, reserved 1048576K
GC Heap History (10 events):
Event: 154.299 GC heap before
{Heap before GC invocations=22 (full 3):
 PSYoungGen      total 212992K, used 208332K [0x00000000eab00000, 0x00000000fa480000, 0x0000000100000000)
  eden space 187904K, 100% used [0x00000000eab00000,0x00000000f6280000,0x00000000f6280000)
  from space 25088K, 81% used [0x00000000f8c00000,0x00000000f9ff3390,0x00000000fa480000)
  to   space 33792K, 0% used [0x00000000f6280000,0x00000000f6280000,0x00000000f8380000)
 ParOldGen       total 116736K, used 48195K [0x00000000c0000000, 0x00000000c7200000, 0x00000000eab00000)
  object space 116736K, 41% used [0x00000000c0000000,0x00000000c2f10c60,0x00000000c7200000)
 Metaspace       used 70660K, capacity 73696K, committed 73768K, reserved 1114112K
  class space    used 9140K, capacity 9732K, committed 9776K, reserved 1048576K
Event: 154.342 GC heap after
Heap after GC invocations=22 (full 3):
 PSYoungGen      total 221696K, used 21592K [0x00000000eab00000, 0x00000000fb000000, 0x0000000100000000)
  eden space 187904K, 0% used [0x00000000eab00000,0x00000000eab00000,0x00000000f6280000)
  from space 33792K, 63% used [0x00000000f6280000,0x00000000f7796100,0x00000000f8380000)
  to   space 33792K, 0% used [0x00000000f8f00000,0x00000000f8f00000,0x00000000fb000000)
 ParOldGen       total 116736K, used 48203K [0x00000000c0000000, 0x00000000c7200000, 0x00000000eab00000)
  object space 116736K, 41% used [0x00000000c0000000,0x00000000c2f12c60,0x00000000c7200000)
 Metaspace       used 70660K, capacity 73696K, committed 73768K, reserved 1114112K
  class space    used 9140K, capacity 9732K, committed 9776K, reserved 1048576K
}
Event: 161.565 GC heap before
{Heap before GC invocations=23 (full 3):
 PSYoungGen      total 221696K, used 209496K [0x00000000eab00000, 0x00000000fb000000, 0x0000000100000000)
  eden space 187904K, 100% used [0x00000000eab00000,0x00000000f6280000,0x00000000f6280000)
  from space 33792K, 63% used [0x00000000f6280000,0x00000000f7796100,0x00000000f8380000)
  to   space 33792K, 0% used [0x00000000f8f00000,0x00000000f8f00000,0x00000000fb000000)
 ParOldGen       total 116736K, used 48203K [0x00000000c0000000, 0x00000000c7200000, 0x00000000eab00000)
  object space 116736K, 41% used [0x00000000c0000000,0x00000000c2f12c60,0x00000000c7200000)
 Metaspace       used 71970K, capacity 75046K, committed 75304K, reserved 1114112K
  class space    used 9392K, capacity 9989K, committed 10032K, reserved 1048576K
Event: 161.604 GC heap after
Heap after GC invocations=23 (full 3):
 PSYoungGen      total 232960K, used 22605K [0x00000000eab00000, 0x00000000fb180000, 0x0000000100000000)
  eden space 199168K, 0% used [0x00000000eab00000,0x00000000eab00000,0x00000000f6d80000)
  from space 33792K, 66% used [0x00000000f8f00000,0x00000000fa5137f0,0x00000000fb000000)
  to   space 34304K, 0% used [0x00000000f6d80000,0x00000000f6d80000,0x00000000f8f00000)
 ParOldGen       total 116736K, used 48211K [0x00000000c0000000, 0x00000000c7200000, 0x00000000eab00000)
  object space 116736K, 41% used [0x00000000c0000000,0x00000000c2f14c60,0x00000000c7200000)
 Metaspace       used 71970K, capacity 75046K, committed 75304K, reserved 1114112K
  class space    used 9392K, capacity 9989K, committed 10032K, reserved 1048576K
}
Event: 162.119 GC heap before
{Heap before GC invocations=24 (full 3):
 PSYoungGen      total 232960K, used 55569K [0x00000000eab00000, 0x00000000fb180000, 0x0000000100000000)
  eden space 199168K, 16% used [0x00000000eab00000,0x00000000ecb30e78,0x00000000f6d80000)
  from space 33792K, 66% used [0x00000000f8f00000,0x00000000fa5137f0,0x00000000fb000000)
  to   space 34304K, 0% used [0x00000000f6d80000,0x00000000f6d80000,0x00000000f8f00000)
 ParOldGen       total 116736K, used 48211K [0x00000000c0000000, 0x00000000c7200000, 0x00000000eab00000)
  object space 116736K, 41% used [0x00000000c0000000,0x00000000c2f14c60,0x00000000c7200000)
 Metaspace       used 72163K, capacity 75280K, committed 75432K, reserved 1114112K
  class space    used 9421K, capacity 10036K, committed 10160K, reserved 1048576K
Event: 162.142 GC heap after
Heap after GC invocations=24 (full 3):
 PSYoungGen      total 218112K, used 18524K [0x00000000eab00000, 0x00000000fae80000, 0x0000000100000000)
  eden space 199168K, 0% used [0x00000000eab00000,0x00000000eab00000,0x00000000f6d80000)
  from space 18944K, 97% used [0x00000000f6d80000,0x00000000f7f973a0,0x00000000f8000000)
  to   space 32768K, 0% used [0x00000000f8e80000,0x00000000f8e80000,0x00000000fae80000)
 ParOldGen       total 116736K, used 48219K [0x00000000c0000000, 0x00000000c7200000, 0x00000000eab00000)
  object space 116736K, 41% used [0x00000000c0000000,0x00000000c2f16c60,0x00000000c7200000)
 Metaspace       used 72163K, capacity 75280K, committed 75432K, reserved 1114112K
  class space    used 9421K, capacity 10036K, committed 10160K, reserved 1048576K
}
Event: 162.142 GC heap before
{Heap before GC invocations=25 (full 4):
 PSYoungGen      total 218112K, used 18524K [0x00000000eab00000, 0x00000000fae80000, 0x0000000100000000)
  eden space 199168K, 0% used [0x00000000eab00000,0x00000000eab00000,0x00000000f6d80000)
  from space 18944K, 97% used [0x00000000f6d80000,0x00000000f7f973a0,0x00000000f8000000)
  to   space 32768K, 0% used [0x00000000f8e80000,0x00000000f8e80000,0x00000000fae80000)
 ParOldGen       total 116736K, used 48219K [0x00000000c0000000, 0x00000000c7200000, 0x00000000eab00000)
  object space 116736K, 41% used [0x00000000c0000000,0x00000000c2f16c60,0x00000000c7200000)
 Metaspace       used 72163K, capacity 75280K, committed 75432K, reserved 1114112K
  class space    used 9421K, capacity 10036K, committed 10160K, reserved 1048576K
Event: 165.162 GC heap after
Heap after GC invocations=25 (full 4):
 PSYoungGen      total 218112K, used 0K [0x00000000eab00000, 0x00000000fae80000, 0x0000000100000000)
  eden space 199168K, 0% used [0x00000000eab00000,0x00000000eab00000,0x00000000f6d80000)
  from space 18944K, 0% used [0x00000000f6d80000,0x00000000f6d80000,0x00000000f8000000)
  to   space 32768K, 0% used [0x00000000f8e80000,0x00000000f8e80000,0x00000000fae80000)
 ParOldGen       total 116736K, used 58562K [0x00000000c0000000, 0x00000000c7200000, 0x00000000eab00000)
  object space 116736K, 50% used [0x00000000c0000000,0x00000000c3930930,0x00000000c7200000)
 Metaspace       used 72107K, capacity 75156K, committed 75432K, reserved 1114112K
  class space    used 9403K, capacity 10007K, committed 10160K, reserved 1048576K
}
Event: 203.785 GC heap before
{Heap before GC invocations=26 (full 4):
 PSYoungGen      total 218112K, used 199168K [0x00000000eab00000, 0x00000000fae80000, 0x0000000100000000)
  eden space 199168K, 100% used [0x00000000eab00000,0x00000000f6d80000,0x00000000f6d80000)
  from space 18944K, 0% used [0x00000000f6d80000,0x00000000f6d80000,0x00000000f8000000)
  to   space 32768K, 0% used [0x00000000f8e80000,0x00000000f8e80000,0x00000000fae80000)
 ParOldGen       total 116736K, used 58562K [0x00000000c0000000, 0x00000000c7200000, 0x00000000eab00000)
  object space 116736K, 50% used [0x00000000c0000000,0x00000000c3930930,0x00000000c7200000)
 Metaspace       used 72816K, capacity 76098K, committed 76200K, reserved 1116160K
  class space    used 9463K, capacity 10094K, committed 10160K, reserved 1048576K
Event: 203.806 GC heap after
Heap after GC invocations=26 (full 4):
 PSYoungGen      total 232448K, used 7172K [0x00000000eab00000, 0x00000000fb880000, 0x0000000100000000)
  eden space 199680K, 0% used [0x00000000eab00000,0x00000000eab00000,0x00000000f6e00000)
  from space 32768K, 21% used [0x00000000f8e80000,0x00000000f95813e0,0x00000000fae80000)
  to   space 33280K, 0% used [0x00000000f6e00000,0x00000000f6e00000,0x00000000f8e80000)
 ParOldGen       total 116736K, used 58570K [0x00000000c0000000, 0x00000000c7200000, 0x00000000eab00000)
  object space 116736K, 50% used [0x00000000c0000000,0x00000000c3932930,0x00000000c7200000)
 Metaspace       used 72816K, capacity 76098K, committed 76200K, reserved 1116160K
  class space    used 9463K, capacity 10094K, committed 10160K, reserved 1048576K
}

